2025-04-12T01:45:54.226072+00:00 INFO 'ansible_navigator.setup_logger' New ansible-navigator instance, logging initialized
2025-04-12T01:45:54.234899+00:00 INFO 'ansible_navigator.setup_logger' New ansible-runner instance, logging initialized
2025-04-12T01:45:54.234937+00:00 DEBUG 'ansible_navigator.main' Jinja2==3.1.6 
2025-04-12T01:45:54.234957+00:00 DEBUG 'ansible_navigator.main' MarkupSafe==3.0.2 
2025-04-12T01:45:54.234972+00:00 DEBUG 'ansible_navigator.main' Parsley==1.3 
2025-04-12T01:45:54.234987+00:00 DEBUG 'ansible_navigator.main' PyYAML==6.0.2 
2025-04-12T01:45:54.234999+00:00 DEBUG 'ansible_navigator.main' ansible-builder==3.1.0 
2025-04-12T01:45:54.235011+00:00 DEBUG 'ansible_navigator.main' ansible-compat==25.1.5 
2025-04-12T01:45:54.235022+00:00 DEBUG 'ansible_navigator.main' ansible-core==2.18.4 
2025-04-12T01:45:54.235032+00:00 DEBUG 'ansible_navigator.main' ansible-lint==25.2.1 
2025-04-12T01:45:54.235043+00:00 DEBUG 'ansible_navigator.main' ansible-navigator==25.4.0 
2025-04-12T01:45:54.235054+00:00 DEBUG 'ansible_navigator.main' ansible-runner==2.4.1 
2025-04-12T01:45:54.235066+00:00 DEBUG 'ansible_navigator.main' attrs==25.3.0 /Users/ks/.local/pipx/venvs/ansible-navigator/lib/python3.13/site-packages/attrs/__init__.py
2025-04-12T01:45:54.235077+00:00 DEBUG 'ansible_navigator.main' bindep==2.13.0 /Users/ks/.local/pipx/venvs/ansible-navigator/lib/python3.13/site-packages/bindep/__init__.py
2025-04-12T01:45:54.235088+00:00 DEBUG 'ansible_navigator.main' black==25.1.0 /Users/ks/.local/pipx/venvs/ansible-navigator/lib/python3.13/site-packages/black/__init__.cpython-313-darwin.so
2025-04-12T01:45:54.235099+00:00 DEBUG 'ansible_navigator.main' bracex==2.5.post1 /Users/ks/.local/pipx/venvs/ansible-navigator/lib/python3.13/site-packages/bracex/__init__.py
2025-04-12T01:45:54.235110+00:00 DEBUG 'ansible_navigator.main' cffi==1.17.1 /Users/ks/.local/pipx/venvs/ansible-navigator/lib/python3.13/site-packages/cffi/__init__.py
2025-04-12T01:45:54.235120+00:00 DEBUG 'ansible_navigator.main' click==8.1.8 /Users/ks/.local/pipx/venvs/ansible-navigator/lib/python3.13/site-packages/click/__init__.py
2025-04-12T01:45:54.235131+00:00 DEBUG 'ansible_navigator.main' cryptography==44.0.2 /Users/ks/.local/pipx/venvs/ansible-navigator/lib/python3.13/site-packages/cryptography/__init__.py
2025-04-12T01:45:54.235143+00:00 DEBUG 'ansible_navigator.main' distro==1.9.0 /Users/ks/.local/pipx/venvs/ansible-navigator/lib/python3.13/site-packages/distro/__init__.py
2025-04-12T01:45:54.235153+00:00 DEBUG 'ansible_navigator.main' filelock==3.18.0 /Users/ks/.local/pipx/venvs/ansible-navigator/lib/python3.13/site-packages/filelock/__init__.py
2025-04-12T01:45:54.235166+00:00 DEBUG 'ansible_navigator.main' importlib_metadata==8.6.1 /Users/ks/.local/pipx/venvs/ansible-navigator/lib/python3.13/site-packages/importlib_metadata/__init__.py
2025-04-12T01:45:54.235177+00:00 DEBUG 'ansible_navigator.main' jsonschema-specifications==2024.10.1 
2025-04-12T01:45:54.235187+00:00 DEBUG 'ansible_navigator.main' jsonschema==4.23.0 /Users/ks/.local/pipx/venvs/ansible-navigator/lib/python3.13/site-packages/jsonschema/__init__.py
2025-04-12T01:45:54.235198+00:00 DEBUG 'ansible_navigator.main' lockfile==0.12.2 /Users/ks/.local/pipx/venvs/ansible-navigator/lib/python3.13/site-packages/lockfile/__init__.py
2025-04-12T01:45:54.235209+00:00 DEBUG 'ansible_navigator.main' mypy-extensions==1.0.0 
2025-04-12T01:45:54.235219+00:00 DEBUG 'ansible_navigator.main' onigurumacffi==1.4.1 /Users/ks/.local/pipx/venvs/ansible-navigator/lib/python3.13/site-packages/onigurumacffi.py
2025-04-12T01:45:54.235231+00:00 DEBUG 'ansible_navigator.main' packaging==24.2 /Users/ks/.local/pipx/venvs/ansible-navigator/lib/python3.13/site-packages/packaging/__init__.py
2025-04-12T01:45:54.235241+00:00 DEBUG 'ansible_navigator.main' pathspec==0.12.1 /Users/ks/.local/pipx/venvs/ansible-navigator/lib/python3.13/site-packages/pathspec/__init__.py
2025-04-12T01:45:54.235252+00:00 DEBUG 'ansible_navigator.main' pbr==6.1.1 /Users/ks/.local/pipx/venvs/ansible-navigator/lib/python3.13/site-packages/pbr/__init__.py
2025-04-12T01:45:54.235267+00:00 DEBUG 'ansible_navigator.main' pexpect==4.9.0 /Users/ks/.local/pipx/venvs/ansible-navigator/lib/python3.13/site-packages/pexpect/__init__.py
2025-04-12T01:45:54.235278+00:00 DEBUG 'ansible_navigator.main' pip==25.0.1 /Users/ks/.local/pipx/shared/lib/python3.13/site-packages/pip/__init__.py
2025-04-12T01:45:54.235288+00:00 DEBUG 'ansible_navigator.main' platformdirs==4.3.7 /Users/ks/.local/pipx/venvs/ansible-navigator/lib/python3.13/site-packages/platformdirs/__init__.py
2025-04-12T01:45:54.235298+00:00 DEBUG 'ansible_navigator.main' ptyprocess==0.7.0 /Users/ks/.local/pipx/venvs/ansible-navigator/lib/python3.13/site-packages/ptyprocess/__init__.py
2025-04-12T01:45:54.235310+00:00 DEBUG 'ansible_navigator.main' pycparser==2.22 /Users/ks/.local/pipx/venvs/ansible-navigator/lib/python3.13/site-packages/pycparser/__init__.py
2025-04-12T01:45:54.235319+00:00 DEBUG 'ansible_navigator.main' python-daemon==3.1.2 
2025-04-12T01:45:54.235328+00:00 DEBUG 'ansible_navigator.main' referencing==0.36.2 /Users/ks/.local/pipx/venvs/ansible-navigator/lib/python3.13/site-packages/referencing/__init__.py
2025-04-12T01:45:54.235338+00:00 DEBUG 'ansible_navigator.main' resolvelib==1.0.1 /Users/ks/.local/pipx/venvs/ansible-navigator/lib/python3.13/site-packages/resolvelib/__init__.py
2025-04-12T01:45:54.235347+00:00 DEBUG 'ansible_navigator.main' rpds-py==0.24.0 
2025-04-12T01:45:54.235357+00:00 DEBUG 'ansible_navigator.main' ruamel.yaml==0.18.10 /Users/ks/.local/pipx/venvs/ansible-navigator/lib/python3.13/site-packages/ruamel/yaml/__init__.py
2025-04-12T01:45:54.235367+00:00 DEBUG 'ansible_navigator.main' setuptools==78.1.0 /Users/ks/.local/pipx/venvs/ansible-navigator/lib/python3.13/site-packages/setuptools/__init__.py
2025-04-12T01:45:54.235375+00:00 DEBUG 'ansible_navigator.main' subprocess-tee==0.4.2 
2025-04-12T01:45:54.235385+00:00 DEBUG 'ansible_navigator.main' tzdata==2025.2 /Users/ks/.local/pipx/venvs/ansible-navigator/lib/python3.13/site-packages/tzdata/__init__.py
2025-04-12T01:45:54.235394+00:00 DEBUG 'ansible_navigator.main' wcmatch==10.0 /Users/ks/.local/pipx/venvs/ansible-navigator/lib/python3.13/site-packages/wcmatch/__init__.py
2025-04-12T01:45:54.235404+00:00 DEBUG 'ansible_navigator.main' yamllint==1.37.0 /Users/ks/.local/pipx/venvs/ansible-navigator/lib/python3.13/site-packages/yamllint/__init__.py
2025-04-12T01:45:54.235413+00:00 DEBUG 'ansible_navigator.main' zipp==3.21.0 /Users/ks/.local/pipx/venvs/ansible-navigator/lib/python3.13/site-packages/zipp/__init__.py
2025-04-12T01:45:54.235422+00:00 DEBUG 'ansible_navigator.main' Default collection_doc_cache_path set to: /Users/ks/.cache/ansible-navigator/collection_doc_cache.db
2025-04-12T01:45:54.235431+00:00 DEBUG 'ansible_navigator.main' EDITOR environment variable not set
2025-04-12T01:45:54.235441+00:00 DEBUG 'ansible_navigator.main' Default editor_command set to: vi +{line_number} {filename}
2025-04-12T01:45:54.235450+00:00 DEBUG 'ansible_navigator.main' No config file set by ANSIBLE_NAVIGATOR_CONFIG
2025-04-12T01:45:54.235459+00:00 DEBUG 'ansible_navigator.main' Looking in /Users/ks/.ansible-navigator
2025-04-12T01:45:54.235467+00:00 DEBUG 'ansible_navigator.main' Looking for '/Users/ks/.ansible-navigator.yml', '/Users/ks/.ansible-navigator.yaml' and '/Users/ks/.ansible-navigator.json'
2025-04-12T01:45:54.235476+00:00 DEBUG 'ansible_navigator.main' Found 0: 
2025-04-12T01:45:54.235485+00:00 DEBUG 'ansible_navigator.main' Looking in /Users/ks/dotfiles/ansible-navigator
2025-04-12T01:45:54.235495+00:00 DEBUG 'ansible_navigator.main' Looking for '/Users/ks/dotfiles/ansible-navigator.yml', '/Users/ks/dotfiles/ansible-navigator.yaml' and '/Users/ks/dotfiles/ansible-navigator.json'
2025-04-12T01:45:54.235504+00:00 DEBUG 'ansible_navigator.main' Found 0: 
2025-04-12T01:45:54.235515+00:00 DEBUG 'ansible_navigator.main' All found 0: 
2025-04-12T01:45:54.235525+00:00 DEBUG 'ansible_navigator.main' Using: None
2025-04-12T01:45:54.238945+00:00 DEBUG 'ansible_navigator.main' No valid settings file found, using all default values for settings.
2025-04-12T01:45:54.238977+00:00 DEBUG 'ansible_navigator.main' Command provided: ''
2025-04-12T01:45:54.238989+00:00 DEBUG 'ansible_navigator.main' EE support enabled: using current working directory for 'ansible.cfg'
2025-04-12T01:45:54.239000+00:00 INFO 'ansible_navigator.main' EE support enabled: no 'ansible.cfg' found in current working directory. Tried /Users/ks/dotfiles/ansible.cfg
2025-04-12T01:45:54.239011+00:00 DEBUG 'ansible_navigator.main' Completed post processing for ansible_runner_artifact_dir. (changed=False)
2025-04-12T01:45:54.239022+00:00 DEBUG 'ansible_navigator.main' Completed post processing for ansible_runner_rotate_artifacts_count. (changed=False)
2025-04-12T01:45:54.239032+00:00 DEBUG 'ansible_navigator.main' Completed post processing for ansible_runner_timeout. (changed=False)
2025-04-12T01:45:54.239042+00:00 DEBUG 'ansible_navigator.main' Completed post processing for cmdline. (changed=False)
2025-04-12T01:45:54.239056+00:00 DEBUG 'ansible_navigator.main' Completed post processing for collection_doc_cache_path. (changed=False)
2025-04-12T01:45:54.239067+00:00 DEBUG 'ansible_navigator.main' Completed post processing for container_engine. (changed=False)
2025-04-12T01:45:54.239077+00:00 DEBUG 'ansible_navigator.main' Completed post processing for container_options. (changed=False)
2025-04-12T01:45:54.239087+00:00 DEBUG 'ansible_navigator.main' Completed post processing for display_color. (changed=False)
2025-04-12T01:45:54.239098+00:00 DEBUG 'ansible_navigator.main' Completed post processing for enable_prompts. (changed=False)
2025-04-12T01:45:54.239109+00:00 DEBUG 'ansible_navigator.main' Completed post processing for execution_environment. (changed=False)
2025-04-12T01:45:54.239120+00:00 DEBUG 'ansible_navigator.main' Completed post processing for execution_environment_image. (changed=False)
2025-04-12T01:45:54.239130+00:00 DEBUG 'ansible_navigator.main' Completed post processing for help_builder. (changed=False)
2025-04-12T01:45:54.239143+00:00 DEBUG 'ansible_navigator.main' Completed post processing for help_config. (changed=False)
2025-04-12T01:45:54.239154+00:00 DEBUG 'ansible_navigator.main' Completed post processing for help_doc. (changed=False)
2025-04-12T01:45:54.239164+00:00 DEBUG 'ansible_navigator.main' Completed post processing for help_inventory. (changed=False)
2025-04-12T01:45:54.239175+00:00 DEBUG 'ansible_navigator.main' Completed post processing for help_playbook. (changed=False)
2025-04-12T01:45:54.239186+00:00 DEBUG 'ansible_navigator.main' Completed post processing for images_details. (changed=False)
2025-04-12T01:45:54.239196+00:00 DEBUG 'ansible_navigator.main' Completed post processing for inventory. (changed=False)
2025-04-12T01:45:54.239207+00:00 DEBUG 'ansible_navigator.main' Completed post processing for inventory_column. (changed=False)
2025-04-12T01:45:54.239218+00:00 DEBUG 'ansible_navigator.main' Completed post processing for log_file. (changed=False)
2025-04-12T01:45:54.239229+00:00 DEBUG 'ansible_navigator.main' Completed post processing for pass_environment_variable. (changed=False)
2025-04-12T01:45:54.239240+00:00 DEBUG 'ansible_navigator.main' Completed post processing for playbook. (changed=False)
2025-04-12T01:45:54.239250+00:00 DEBUG 'ansible_navigator.main' Completed post processing for playbook_artifact_replay. (changed=False)
2025-04-12T01:45:54.239261+00:00 DEBUG 'ansible_navigator.main' Completed post processing for playbook_artifact_save_as. (changed=False)
2025-04-12T01:45:54.239271+00:00 DEBUG 'ansible_navigator.main' Completed post processing for plugin_name. (changed=False)
2025-04-12T01:45:54.239281+00:00 DEBUG 'ansible_navigator.main' Completed post processing for pull_arguments. (changed=False)
2025-04-12T01:45:54.239292+00:00 DEBUG 'ansible_navigator.main' Completed post processing for set_environment_variable. (changed=False)
2025-04-12T01:45:54.239302+00:00 DEBUG 'ansible_navigator.main' Completed post processing for settings_effective. (changed=False)
2025-04-12T01:45:54.239312+00:00 DEBUG 'ansible_navigator.main' Completed post processing for settings_sample. (changed=False)
2025-04-12T01:45:54.239328+00:00 DEBUG 'ansible_navigator.main' Completed post processing for settings_schema. (changed=False)
2025-04-12T01:45:54.239339+00:00 DEBUG 'ansible_navigator.main' Completed post processing for settings_sources. (changed=False)
2025-04-12T01:45:54.239349+00:00 DEBUG 'ansible_navigator.main' Completed post processing for time_zone. (changed=False)
2025-04-12T01:45:54.239360+00:00 DEBUG 'ansible_navigator.main' Completed post processing for execution_environment_volume_mounts. (changed=False)
2025-04-12T01:45:54.239371+00:00 DEBUG 'ansible_navigator.main' Completed post processing for mode. (changed=False)
2025-04-12T01:45:54.239383+00:00 DEBUG 'ansible_navigator.main' Completed post processing for playbook_artifact_enable. (changed=False)
2025-04-12T01:45:54.239396+00:00 WARNING 'ansible_navigator.main' Configuration errors encountered, rolling back to previous configuration.
2025-04-12T01:45:54.239407+00:00 DEBUG 'ansible_navigator.main' Prior to rollback: ansible_runner_artifact_dir = 'Not set' (Constants/Not set)
2025-04-12T01:45:54.239418+00:00 DEBUG 'ansible_navigator.main' Prior to rollback: ansible_runner_rotate_artifacts_count = 'Not set' (Constants/Not set)
2025-04-12T01:45:54.239430+00:00 DEBUG 'ansible_navigator.main' Prior to rollback: ansible_runner_timeout = 'Not set' (Constants/Not set)
2025-04-12T01:45:54.239440+00:00 DEBUG 'ansible_navigator.main' Prior to rollback: ansible_runner_write_job_events = 'False' (bool/Defaults)
2025-04-12T01:45:54.239451+00:00 DEBUG 'ansible_navigator.main' Prior to rollback: app = 'welcome' (str/Defaults)
2025-04-12T01:45:54.239463+00:00 DEBUG 'ansible_navigator.main' Prior to rollback: cmdline = 'Not set' (Constants/Not set)
2025-04-12T01:45:54.239474+00:00 DEBUG 'ansible_navigator.main' Prior to rollback: collection_doc_cache_path = '/Users/ks/.cache/ansible-navigator/collection_doc_cache.db' (str/Defaults)
2025-04-12T01:45:54.239484+00:00 DEBUG 'ansible_navigator.main' Prior to rollback: config = 'Not set' (Constants/Not set)
2025-04-12T01:45:54.239495+00:00 DEBUG 'ansible_navigator.main' Prior to rollback: container_engine = 'auto' (str/Defaults)
2025-04-12T01:45:54.239506+00:00 DEBUG 'ansible_navigator.main' Prior to rollback: container_options = 'Not set' (Constants/Not set)
2025-04-12T01:45:54.239516+00:00 DEBUG 'ansible_navigator.main' Prior to rollback: display_color = 'True' (bool/Defaults)
2025-04-12T01:45:54.239527+00:00 DEBUG 'ansible_navigator.main' Prior to rollback: editor_command = 'vi +{line_number} {filename}' (str/Defaults)
2025-04-12T01:45:54.239538+00:00 DEBUG 'ansible_navigator.main' Prior to rollback: editor_console = 'True' (bool/Defaults)
2025-04-12T01:45:54.239548+00:00 DEBUG 'ansible_navigator.main' Prior to rollback: enable_prompts = 'False' (bool/Defaults)
2025-04-12T01:45:54.239560+00:00 DEBUG 'ansible_navigator.main' Prior to rollback: exec_command = '/bin/bash' (str/Defaults)
2025-04-12T01:45:54.245353+00:00 DEBUG 'ansible_navigator.main' Prior to rollback: exec_shell = 'True' (bool/Defaults)
2025-04-12T01:45:54.245365+00:00 DEBUG 'ansible_navigator.main' Prior to rollback: execution_environment = 'True' (bool/Defaults)
2025-04-12T01:45:54.245374+00:00 DEBUG 'ansible_navigator.main' Prior to rollback: execution_environment_image = 'ghcr.io/ansible/community-ansible-dev-tools:latest' (str/Defaults)
2025-04-12T01:45:54.245383+00:00 DEBUG 'ansible_navigator.main' Prior to rollback: execution_environment_volume_mounts = 'Not set' (Constants/Not set)
2025-04-12T01:45:54.245392+00:00 DEBUG 'ansible_navigator.main' Prior to rollback: format = 'yaml' (str/Defaults)
2025-04-12T01:45:54.245402+00:00 DEBUG 'ansible_navigator.main' Prior to rollback: help_builder = 'False' (bool/Defaults)
2025-04-12T01:45:54.245411+00:00 DEBUG 'ansible_navigator.main' Prior to rollback: help_config = 'False' (bool/Defaults)
2025-04-12T01:45:54.245420+00:00 DEBUG 'ansible_navigator.main' Prior to rollback: help_doc = 'False' (bool/Defaults)
2025-04-12T01:45:54.245429+00:00 DEBUG 'ansible_navigator.main' Prior to rollback: help_inventory = 'False' (bool/Defaults)
2025-04-12T01:45:54.245446+00:00 DEBUG 'ansible_navigator.main' Prior to rollback: help_playbook = 'False' (bool/Defaults)
2025-04-12T01:45:54.245455+00:00 DEBUG 'ansible_navigator.main' Prior to rollback: images_details = '['everything']' (list/Defaults)
2025-04-12T01:45:54.245464+00:00 DEBUG 'ansible_navigator.main' Prior to rollback: inventory = 'Not set' (Constants/Not set)
2025-04-12T01:45:54.245478+00:00 DEBUG 'ansible_navigator.main' Prior to rollback: inventory_column = 'Not set' (Constants/Not set)
2025-04-12T01:45:54.245487+00:00 DEBUG 'ansible_navigator.main' Prior to rollback: lint_config = 'Not set' (Constants/Not set)
2025-04-12T01:45:54.245496+00:00 DEBUG 'ansible_navigator.main' Prior to rollback: lintables = 'Not set' (Constants/Not set)
2025-04-12T01:45:54.245505+00:00 DEBUG 'ansible_navigator.main' Prior to rollback: log_append = 'True' (bool/Defaults)
2025-04-12T01:45:54.245514+00:00 DEBUG 'ansible_navigator.main' Prior to rollback: log_file = '/Users/ks/dotfiles/ansible-navigator.log' (str/Defaults)
2025-04-12T01:45:54.245535+00:00 DEBUG 'ansible_navigator.main' Prior to rollback: log_level = 'warning' (str/Defaults)
2025-04-12T01:45:54.245546+00:00 DEBUG 'ansible_navigator.main' Prior to rollback: mode = 'interactive' (str/Defaults)
2025-04-12T01:45:54.245555+00:00 DEBUG 'ansible_navigator.main' Prior to rollback: osc4 = 'True' (bool/Defaults)
2025-04-12T01:45:54.245565+00:00 DEBUG 'ansible_navigator.main' Prior to rollback: pass_environment_variable = 'Not set' (Constants/Not set)
2025-04-12T01:45:54.245575+00:00 DEBUG 'ansible_navigator.main' Prior to rollback: playbook = 'Not set' (Constants/Not set)
2025-04-12T01:45:54.245584+00:00 DEBUG 'ansible_navigator.main' Prior to rollback: playbook_artifact_enable = 'True' (bool/Defaults)
2025-04-12T01:45:54.245593+00:00 DEBUG 'ansible_navigator.main' Prior to rollback: playbook_artifact_replay = 'Not set' (Constants/Not set)
2025-04-12T01:45:54.245603+00:00 DEBUG 'ansible_navigator.main' Prior to rollback: playbook_artifact_save_as = '{playbook_dir}/{playbook_name}-artifact-{time_stamp}.json' (str/Defaults)
2025-04-12T01:45:54.245612+00:00 DEBUG 'ansible_navigator.main' Prior to rollback: plugin_name = 'Not set' (Constants/Not set)
2025-04-12T01:45:54.245621+00:00 DEBUG 'ansible_navigator.main' Prior to rollback: plugin_type = 'module' (str/Defaults)
2025-04-12T01:45:54.245630+00:00 DEBUG 'ansible_navigator.main' Prior to rollback: pull_arguments = 'Not set' (Constants/Not set)
2025-04-12T01:45:54.245640+00:00 DEBUG 'ansible_navigator.main' Prior to rollback: pull_policy = 'tag' (str/Defaults)
2025-04-12T01:45:54.245649+00:00 DEBUG 'ansible_navigator.main' Prior to rollback: set_environment_variable = 'Not set' (Constants/Not set)
2025-04-12T01:45:54.245659+00:00 DEBUG 'ansible_navigator.main' Prior to rollback: settings_effective = 'False' (bool/Defaults)
2025-04-12T01:45:54.245667+00:00 DEBUG 'ansible_navigator.main' Prior to rollback: settings_sample = 'False' (bool/Defaults)
2025-04-12T01:45:54.245677+00:00 DEBUG 'ansible_navigator.main' Prior to rollback: settings_schema = 'json' (str/Defaults)
2025-04-12T01:45:54.245687+00:00 DEBUG 'ansible_navigator.main' Prior to rollback: settings_sources = 'False' (bool/Defaults)
2025-04-12T01:45:54.245696+00:00 DEBUG 'ansible_navigator.main' Prior to rollback: time_zone = 'UTC' (str/Defaults)
2025-04-12T01:45:54.245705+00:00 DEBUG 'ansible_navigator.main' Prior to rollback: workdir = '/Users/ks/dotfiles' (str/Defaults)
2025-04-12T01:45:54.245715+00:00 DEBUG 'ansible_navigator.main' After rollback: ansible_runner_artifact_dir = 'Not set' (Constants/Not set)
2025-04-12T01:45:54.245724+00:00 DEBUG 'ansible_navigator.main' After rollback: ansible_runner_rotate_artifacts_count = 'Not set' (Constants/Not set)
2025-04-12T01:45:54.245733+00:00 DEBUG 'ansible_navigator.main' After rollback: ansible_runner_timeout = 'Not set' (Constants/Not set)
2025-04-12T01:45:54.245744+00:00 DEBUG 'ansible_navigator.main' After rollback: ansible_runner_write_job_events = 'Not set' (Constants/Not set)
2025-04-12T01:45:54.245758+00:00 DEBUG 'ansible_navigator.main' After rollback: app = 'Not set' (Constants/Not set)
2025-04-12T01:45:54.245767+00:00 DEBUG 'ansible_navigator.main' After rollback: cmdline = 'Not set' (Constants/Not set)
2025-04-12T01:45:54.245777+00:00 DEBUG 'ansible_navigator.main' After rollback: collection_doc_cache_path = 'Not set' (Constants/Not set)
2025-04-12T01:45:54.245786+00:00 DEBUG 'ansible_navigator.main' After rollback: config = 'Not set' (Constants/Not set)
2025-04-12T01:45:54.245794+00:00 DEBUG 'ansible_navigator.main' After rollback: container_engine = 'Not set' (Constants/Not set)
2025-04-12T01:45:54.245804+00:00 DEBUG 'ansible_navigator.main' After rollback: container_options = 'Not set' (Constants/Not set)
2025-04-12T01:45:54.245814+00:00 DEBUG 'ansible_navigator.main' After rollback: display_color = 'Not set' (Constants/Not set)
2025-04-12T01:45:54.245824+00:00 DEBUG 'ansible_navigator.main' After rollback: editor_command = 'Not set' (Constants/Not set)
2025-04-12T01:45:54.245833+00:00 DEBUG 'ansible_navigator.main' After rollback: editor_console = 'Not set' (Constants/Not set)
2025-04-12T01:45:54.245842+00:00 DEBUG 'ansible_navigator.main' After rollback: enable_prompts = 'Not set' (Constants/Not set)
2025-04-12T01:45:54.245851+00:00 DEBUG 'ansible_navigator.main' After rollback: exec_command = 'Not set' (Constants/Not set)
2025-04-12T01:45:54.245861+00:00 DEBUG 'ansible_navigator.main' After rollback: exec_shell = 'Not set' (Constants/Not set)
2025-04-12T01:45:54.245870+00:00 DEBUG 'ansible_navigator.main' After rollback: execution_environment = 'Not set' (Constants/Not set)
2025-04-12T01:45:54.245880+00:00 DEBUG 'ansible_navigator.main' After rollback: execution_environment_image = 'Not set' (Constants/Not set)
2025-04-12T01:45:54.245890+00:00 DEBUG 'ansible_navigator.main' After rollback: execution_environment_volume_mounts = 'Not set' (Constants/Not set)
2025-04-12T01:45:54.245899+00:00 DEBUG 'ansible_navigator.main' After rollback: format = 'Not set' (Constants/Not set)
2025-04-12T01:45:54.245908+00:00 DEBUG 'ansible_navigator.main' After rollback: help_builder = 'Not set' (Constants/Not set)
2025-04-12T01:45:54.245918+00:00 DEBUG 'ansible_navigator.main' After rollback: help_config = 'Not set' (Constants/Not set)
2025-04-12T01:45:54.245926+00:00 DEBUG 'ansible_navigator.main' After rollback: help_doc = 'Not set' (Constants/Not set)
2025-04-12T01:45:54.245937+00:00 DEBUG 'ansible_navigator.main' After rollback: help_inventory = 'Not set' (Constants/Not set)
2025-04-12T01:45:54.245947+00:00 DEBUG 'ansible_navigator.main' After rollback: help_playbook = 'Not set' (Constants/Not set)
2025-04-12T01:45:54.245956+00:00 DEBUG 'ansible_navigator.main' After rollback: images_details = 'Not set' (Constants/Not set)
2025-04-12T01:45:54.245965+00:00 DEBUG 'ansible_navigator.main' After rollback: inventory = 'Not set' (Constants/Not set)
2025-04-12T01:45:54.245975+00:00 DEBUG 'ansible_navigator.main' After rollback: inventory_column = 'Not set' (Constants/Not set)
2025-04-12T01:45:54.245984+00:00 DEBUG 'ansible_navigator.main' After rollback: lint_config = 'Not set' (Constants/Not set)
2025-04-12T01:45:54.245993+00:00 DEBUG 'ansible_navigator.main' After rollback: lintables = 'Not set' (Constants/Not set)
2025-04-12T01:45:54.246003+00:00 DEBUG 'ansible_navigator.main' After rollback: log_append = 'Not set' (Constants/Not set)
2025-04-12T01:45:54.246012+00:00 DEBUG 'ansible_navigator.main' After rollback: log_file = 'Not set' (Constants/Not set)
2025-04-12T01:45:54.246021+00:00 DEBUG 'ansible_navigator.main' After rollback: log_level = 'Not set' (Constants/Not set)
2025-04-12T01:45:54.246030+00:00 DEBUG 'ansible_navigator.main' After rollback: mode = 'Not set' (Constants/Not set)
2025-04-12T01:45:54.246040+00:00 DEBUG 'ansible_navigator.main' After rollback: osc4 = 'Not set' (Constants/Not set)
2025-04-12T01:45:54.246049+00:00 DEBUG 'ansible_navigator.main' After rollback: pass_environment_variable = 'Not set' (Constants/Not set)
2025-04-12T01:45:54.246058+00:00 DEBUG 'ansible_navigator.main' After rollback: playbook = 'Not set' (Constants/Not set)
2025-04-12T01:45:54.246070+00:00 DEBUG 'ansible_navigator.main' After rollback: playbook_artifact_enable = 'Not set' (Constants/Not set)
2025-04-12T01:45:54.246080+00:00 DEBUG 'ansible_navigator.main' After rollback: playbook_artifact_replay = 'Not set' (Constants/Not set)
2025-04-12T01:45:54.246089+00:00 DEBUG 'ansible_navigator.main' After rollback: playbook_artifact_save_as = 'Not set' (Constants/Not set)
2025-04-12T01:45:54.246106+00:00 DEBUG 'ansible_navigator.main' After rollback: plugin_name = 'Not set' (Constants/Not set)
2025-04-12T01:45:54.246115+00:00 DEBUG 'ansible_navigator.main' After rollback: plugin_type = 'Not set' (Constants/Not set)
2025-04-12T01:45:54.246131+00:00 DEBUG 'ansible_navigator.main' After rollback: pull_arguments = 'Not set' (Constants/Not set)
2025-04-12T01:45:54.246139+00:00 DEBUG 'ansible_navigator.main' After rollback: pull_policy = 'Not set' (Constants/Not set)
2025-04-12T01:45:54.246148+00:00 DEBUG 'ansible_navigator.main' After rollback: set_environment_variable = 'Not set' (Constants/Not set)
2025-04-12T01:45:54.246157+00:00 DEBUG 'ansible_navigator.main' After rollback: settings_effective = 'Not set' (Constants/Not set)
2025-04-12T01:45:54.246171+00:00 DEBUG 'ansible_navigator.main' After rollback: settings_sample = 'Not set' (Constants/Not set)
2025-04-12T01:45:54.246180+00:00 DEBUG 'ansible_navigator.main' After rollback: settings_schema = 'Not set' (Constants/Not set)
2025-04-12T01:45:54.246189+00:00 DEBUG 'ansible_navigator.main' After rollback: settings_sources = 'Not set' (Constants/Not set)
2025-04-12T01:45:54.246198+00:00 DEBUG 'ansible_navigator.main' After rollback: time_zone = 'Not set' (Constants/Not set)
2025-04-12T01:45:54.249972+00:00 DEBUG 'ansible_navigator.main' After rollback: workdir = 'Not set' (Constants/Not set)
2025-04-12T01:45:54.249985+00:00 DEBUG 'ansible_navigator.main' Configuration rollback complete.
2025-04-12T01:45:54.249994+00:00 DEBUG 'ansible_navigator.main' Collection doc cache not mounted
2025-04-12T01:45:54.250014+00:00 WARNING 'ansible_navigator.main' Issues were found while applying the settings.
2025-04-12T01:45:54.250028+00:00 INFO 'ansible_navigator.main' Command provided: ''
2025-04-12T01:45:54.250041+00:00 ERROR 'ansible_navigator.main' No container engine could be found: 'auto', set by 'Defaults'
2025-04-12T01:45:54.250055+00:00 INFO 'ansible_navigator.main' Try installing 'podman' or 'docker'
2025-04-12T01:45:54.250068+00:00 INFO 'ansible_navigator.main' Configuration failed, using default log file location. (/Users/ks/dotfiles/ansible-navigator.log) Log level set to debug
2025-04-12T01:45:54.250084+00:00 INFO 'ansible_navigator.main' Review the hints and log file to see what went wrong.
2025-04-12T12:24:31.523100+00:00 WARNING 'ansible_navigator.image_manager.puller._log_message' Image inspection failed, image assumed to be corrupted or missing
2025-04-12T12:24:31.524036+00:00 WARNING 'ansible_navigator.image_manager.puller._log_message' stdout: []

2025-04-12T12:24:31.524130+00:00 WARNING 'ansible_navigator.image_manager.puller._log_message' stderr: Error: unable to inspect "ghcr.io/ansible/community-ansible-dev-tools:latest": failed to find image ghcr.io/ansible/community-ansible-dev-tools:latest: ghcr.io/ansible/community-ansible-dev-tools:latest: image not known

